[debug] [2021-02-26T19:42:31.487Z] ----------------------------------------------------------------------
[debug] [2021-02-26T19:42:31.488Z] Command:       C:\Program Files\nodejs\node.exe C:\Users\NikStaRr\AppData\Roaming\npm\node_modules\firebase-tools\lib\bin\firebase.js init
[debug] [2021-02-26T19:42:31.489Z] CLI Version:   8.12.0
[debug] [2021-02-26T19:42:31.489Z] Platform:      win32
[debug] [2021-02-26T19:42:31.489Z] Node Version:  v12.18.3
[debug] [2021-02-26T19:42:31.490Z] Time:          Sat Feb 27 2021 01:12:31 GMT+0530 (India Standard Time)
[debug] [2021-02-26T19:42:31.490Z] ----------------------------------------------------------------------
[debug] [2021-02-26T19:42:31.490Z] 
[debug] [2021-02-26T19:42:31.524Z] > command requires scopes: ["email","openid","https://www.googleapis.com/auth/cloudplatformprojects.readonly","https://www.googleapis.com/auth/firebase","https://www.googleapis.com/auth/cloud-platform"]
[debug] [2021-02-26T19:42:31.525Z] > authorizing via signed-in user
[info] 
     ######## #### ########  ######## ########     ###     ######  ########
     ##        ##  ##     ## ##       ##     ##  ##   ##  ##       ##
     ######    ##  ########  ######   ########  #########  ######  ######
     ##        ##  ##    ##  ##       ##     ## ##     ##       ## ##
     ##       #### ##     ## ######## ########  ##     ##  ######  ########

You're about to initialize a Firebase project in this directory:

  F:\Github\ZenithClient

Before we get started, keep in mind:

  * You are initializing in an existing Firebase project directory

